2023-12-10 18:52:57,251 - biliscrapy.network.bilibili_comment - INFO - Getting comments for bvorurl:https://www.bilibili.com/video/BV1ie411Z7iz?spm_id_from=333.1007.tianma.2-1-4.click
2023-12-10 18:52:57,251 - biliscrapy.network.bilibili_comment - INFO - Getting comments for bvorurl:https://www.bilibili.com/video/BV1ie411Z7iz?spm_id_from=333.1007.tianma.2-1-4.click
2023-12-10 18:52:57,431 - biliscrapy.network.bilibili_comment - INFO - avid===>236566539
2023-12-10 18:52:57,431 - biliscrapy.network.bilibili_comment - INFO - avid===>236566539
2023-12-10 18:52:57,695 - biliscrapy.network.bilibili_comment - INFO - 开始提取第2页评论
2023-12-10 18:52:57,695 - biliscrapy.network.bilibili_comment - INFO - 开始提取第2页评论
2023-12-10 18:52:59,184 - biliscrapy.network.bilibili_comment - INFO - 开始提取第3页评论
2023-12-10 18:52:59,184 - biliscrapy.network.bilibili_comment - INFO - 开始提取第3页评论
2023-12-10 18:53:00,372 - biliscrapy.network.bilibili_comment - INFO - 开始提取第4页评论
2023-12-10 18:53:00,372 - biliscrapy.network.bilibili_comment - INFO - 开始提取第4页评论
2023-12-10 18:53:01,327 - biliscrapy.network.bilibili_comment - INFO - 开始提取第5页评论
2023-12-10 18:53:01,327 - biliscrapy.network.bilibili_comment - INFO - 开始提取第5页评论
2023-12-10 18:53:02,660 - biliscrapy.network.bilibili_comment - INFO - 开始提取第6页评论
2023-12-10 18:53:02,660 - biliscrapy.network.bilibili_comment - INFO - 开始提取第6页评论
2023-12-10 18:53:04,259 - biliscrapy.network.bilibili_comment - INFO - 开始提取第7页评论
2023-12-10 18:53:04,259 - biliscrapy.network.bilibili_comment - INFO - 开始提取第7页评论
2023-12-10 18:53:05,931 - biliscrapy.network.bilibili_comment - INFO - 开始提取第8页评论
2023-12-10 18:53:05,931 - biliscrapy.network.bilibili_comment - INFO - 开始提取第8页评论
2023-12-10 18:53:07,581 - biliscrapy.network.bilibili_comment - INFO - 开始提取第9页评论
2023-12-10 18:53:07,581 - biliscrapy.network.bilibili_comment - INFO - 开始提取第9页评论
2023-12-10 18:53:08,578 - biliscrapy.network.bilibili_comment - INFO - 开始提取第10页评论
2023-12-10 18:53:08,578 - biliscrapy.network.bilibili_comment - INFO - 开始提取第10页评论
2023-12-10 18:53:10,240 - biliscrapy.network.bilibili_comment - INFO - 提取完毕所有评论，共提取到247条评论！=====>avid236566539
2023-12-10 18:53:10,240 - biliscrapy.network.bilibili_comment - INFO - 提取完毕所有评论，共提取到247条评论！=====>avid236566539
2023-12-10 18:53:10,240 - biliscrapy.network.bilibili_comment - INFO - 总共247条评论！
2023-12-10 18:53:10,240 - biliscrapy.network.bilibili_comment - INFO - 总共247条评论！
2023-12-10 18:55:05,382 - biliscrapy.network.bilibili_comment - INFO - Getting comments for bvorurl:https://www.bilibili.com/video/BV1nN411s7rW?spm_id_from=333.1007.tianma.1-2-2.click
2023-12-10 18:55:05,482 - biliscrapy.network.bilibili_comment - INFO - avid===>492745436
2023-12-10 18:55:05,709 - biliscrapy.network.bilibili_comment - INFO - 提取到了36条评论，从第 1 页
2023-12-10 18:55:05,709 - biliscrapy.network.bilibili_comment - INFO - 开始提取第2页评论
2023-12-10 18:55:07,259 - biliscrapy.network.bilibili_comment - INFO - 提取到了28条评论，从第 2 页
2023-12-10 18:55:07,260 - biliscrapy.network.bilibili_comment - INFO - 开始提取第3页评论
2023-12-10 18:55:08,644 - biliscrapy.network.bilibili_comment - INFO - 提取到了28条评论，从第 3 页
2023-12-10 18:55:08,645 - biliscrapy.network.bilibili_comment - INFO - 开始提取第4页评论
2023-12-10 18:55:09,521 - biliscrapy.network.bilibili_comment - INFO - 提取到了36条评论，从第 4 页
2023-12-10 18:55:09,521 - biliscrapy.network.bilibili_comment - INFO - 开始提取第5页评论
2023-12-10 18:55:10,638 - biliscrapy.network.bilibili_comment - INFO - 提取到了20条评论，从第 5 页
2023-12-10 18:55:10,638 - biliscrapy.network.bilibili_comment - INFO - 开始提取第6页评论
2023-12-10 18:55:12,023 - biliscrapy.network.bilibili_comment - INFO - 提取到了36条评论，从第 6 页
2023-12-10 18:55:12,024 - biliscrapy.network.bilibili_comment - INFO - 开始提取第7页评论
2023-12-10 18:55:13,384 - biliscrapy.network.bilibili_comment - INFO - 提取到了54条评论，从第 7 页
2023-12-10 18:55:13,384 - biliscrapy.network.bilibili_comment - INFO - 开始提取第8页评论
2023-12-10 18:55:14,930 - biliscrapy.network.bilibili_comment - INFO - 提取到了20条评论，从第 8 页
2023-12-10 18:55:14,931 - biliscrapy.network.bilibili_comment - INFO - 开始提取第9页评论
2023-12-10 18:55:16,215 - biliscrapy.network.bilibili_comment - INFO - 提取到了26条评论，从第 9 页
2023-12-10 18:55:16,215 - biliscrapy.network.bilibili_comment - INFO - 开始提取第10页评论
2023-12-10 18:55:17,831 - biliscrapy.network.bilibili_comment - INFO - 提取到了20条评论，从第 10 页
2023-12-10 18:55:17,831 - biliscrapy.network.bilibili_comment - INFO - 开始提取第11页评论
2023-12-10 18:55:19,012 - biliscrapy.network.bilibili_comment - INFO - 提取到了20条评论，从第 11 页
2023-12-10 18:55:19,012 - biliscrapy.network.bilibili_comment - INFO - 开始提取第12页评论
2023-12-10 18:55:20,392 - biliscrapy.network.bilibili_comment - INFO - 提取到了22条评论，从第 12 页
2023-12-10 18:55:20,392 - biliscrapy.network.bilibili_comment - INFO - 开始提取第13页评论
2023-12-10 18:55:21,328 - biliscrapy.network.bilibili_comment - INFO - 提取到了31条评论，从第 13 页
2023-12-10 18:55:21,328 - biliscrapy.network.bilibili_comment - INFO - 开始提取第14页评论
2023-12-10 18:55:22,598 - biliscrapy.network.bilibili_comment - INFO - 提取到了40条评论，从第 14 页
2023-12-10 18:55:22,600 - biliscrapy.network.bilibili_comment - INFO - 开始提取第15页评论
2023-12-10 18:55:23,856 - biliscrapy.network.bilibili_comment - INFO - 提取到了20条评论，从第 15 页
2023-12-10 18:55:23,856 - biliscrapy.network.bilibili_comment - INFO - 开始提取第16页评论
2023-12-10 18:55:25,341 - biliscrapy.network.bilibili_comment - INFO - 提取到了20条评论，从第 16 页
2023-12-10 18:55:25,341 - biliscrapy.network.bilibili_comment - INFO - 开始提取第17页评论
2023-12-10 18:55:26,382 - biliscrapy.network.bilibili_comment - INFO - 提取到了20条评论，从第 17 页
2023-12-10 18:55:26,383 - biliscrapy.network.bilibili_comment - INFO - 开始提取第18页评论
2023-12-10 18:55:27,522 - biliscrapy.network.bilibili_comment - INFO - 提取到了22条评论，从第 18 页
2023-12-10 18:55:27,522 - biliscrapy.network.bilibili_comment - INFO - 开始提取第19页评论
2023-12-10 18:55:29,012 - biliscrapy.network.bilibili_comment - INFO - 提取到了20条评论，从第 19 页
2023-12-10 18:55:29,013 - biliscrapy.network.bilibili_comment - INFO - 开始提取第20页评论
2023-12-10 18:55:30,035 - biliscrapy.network.bilibili_comment - INFO - 提取到了21条评论，从第 20 页
2023-12-10 18:55:30,035 - biliscrapy.network.bilibili_comment - INFO - 开始提取第21页评论
2023-12-10 18:55:31,552 - biliscrapy.network.bilibili_comment - INFO - 提取到了20条评论，从第 21 页
2023-12-10 18:55:31,552 - biliscrapy.network.bilibili_comment - INFO - 开始提取第22页评论
2023-12-10 18:55:32,965 - biliscrapy.network.bilibili_comment - INFO - 提取到了20条评论，从第 22 页
2023-12-10 18:55:32,981 - biliscrapy.network.bilibili_comment - INFO - 开始提取第23页评论
2023-12-10 18:55:33,857 - biliscrapy.network.bilibili_comment - INFO - 提取到了20条评论，从第 23 页
2023-12-10 18:55:33,858 - biliscrapy.network.bilibili_comment - INFO - 开始提取第24页评论
2023-12-10 18:55:35,326 - biliscrapy.network.bilibili_comment - INFO - 提取到了20条评论，从第 24 页
2023-12-10 18:55:35,326 - biliscrapy.network.bilibili_comment - INFO - 开始提取第25页评论
2023-12-10 18:55:36,380 - biliscrapy.network.bilibili_comment - INFO - 提取到了20条评论，从第 25 页
2023-12-10 18:55:36,381 - biliscrapy.network.bilibili_comment - INFO - 开始提取第26页评论
2023-12-10 18:55:37,913 - biliscrapy.network.bilibili_comment - INFO - 提取到了24条评论，从第 26 页
2023-12-10 18:55:37,914 - biliscrapy.network.bilibili_comment - INFO - 开始提取第27页评论
2023-12-10 18:55:38,788 - biliscrapy.network.bilibili_comment - INFO - 提取到了20条评论，从第 27 页
2023-12-10 18:55:38,789 - biliscrapy.network.bilibili_comment - INFO - 开始提取第28页评论
2023-12-10 18:55:39,631 - biliscrapy.network.bilibili_comment - INFO - 提取到了24条评论，从第 28 页
2023-12-10 18:55:39,631 - biliscrapy.network.bilibili_comment - INFO - 开始提取第29页评论
2023-12-10 18:55:40,493 - biliscrapy.network.bilibili_comment - INFO - 提取到了20条评论，从第 29 页
2023-12-10 18:55:40,493 - biliscrapy.network.bilibili_comment - INFO - 开始提取第30页评论
2023-12-10 18:55:41,408 - biliscrapy.network.bilibili_comment - INFO - 提取到了20条评论，从第 30 页
2023-12-10 18:55:41,408 - biliscrapy.network.bilibili_comment - INFO - 开始提取第31页评论
2023-12-10 18:55:42,123 - biliscrapy.network.bilibili_comment - INFO - 提取到了21条评论，从第 31 页
2023-12-10 18:55:42,123 - biliscrapy.network.bilibili_comment - INFO - 开始提取第32页评论
2023-12-10 18:55:43,653 - biliscrapy.network.bilibili_comment - INFO - 提取到了20条评论，从第 32 页
2023-12-10 18:55:43,654 - biliscrapy.network.bilibili_comment - INFO - 开始提取第33页评论
2023-12-10 18:55:44,424 - biliscrapy.network.bilibili_comment - INFO - 提取到了20条评论，从第 33 页
2023-12-10 18:55:44,424 - biliscrapy.network.bilibili_comment - INFO - 开始提取第34页评论
2023-12-10 18:55:45,822 - biliscrapy.network.bilibili_comment - INFO - 提取到了20条评论，从第 34 页
2023-12-10 18:55:45,822 - biliscrapy.network.bilibili_comment - INFO - 开始提取第35页评论
2023-12-10 18:55:47,189 - biliscrapy.network.bilibili_comment - INFO - 提取到了20条评论，从第 35 页
2023-12-10 18:55:47,189 - biliscrapy.network.bilibili_comment - INFO - 开始提取第36页评论
2023-12-10 18:55:47,922 - biliscrapy.network.bilibili_comment - INFO - 提取到了20条评论，从第 36 页
2023-12-10 18:55:47,923 - biliscrapy.network.bilibili_comment - INFO - 开始提取第37页评论
2023-12-10 18:55:48,584 - biliscrapy.network.bilibili_comment - INFO - 提取到了20条评论，从第 37 页
2023-12-10 18:55:48,584 - biliscrapy.network.bilibili_comment - INFO - 开始提取第38页评论
2023-12-10 18:55:49,907 - biliscrapy.network.bilibili_comment - INFO - 提取到了23条评论，从第 38 页
2023-12-10 18:55:49,908 - biliscrapy.network.bilibili_comment - INFO - 开始提取第39页评论
2023-12-10 18:55:51,350 - biliscrapy.network.bilibili_comment - INFO - 提取到了29条评论，从第 39 页
2023-12-10 18:55:51,350 - biliscrapy.network.bilibili_comment - INFO - 开始提取第40页评论
2023-12-10 18:55:53,022 - biliscrapy.network.bilibili_comment - INFO - 提取到了33条评论，从第 40 页
2023-12-10 18:55:53,023 - biliscrapy.network.bilibili_comment - INFO - 开始提取第41页评论
2023-12-10 18:55:54,304 - biliscrapy.network.bilibili_comment - INFO - 提取到了22条评论，从第 41 页
2023-12-10 18:55:54,305 - biliscrapy.network.bilibili_comment - INFO - 开始提取第42页评论
2023-12-10 18:55:55,682 - biliscrapy.network.bilibili_comment - INFO - 提取到了25条评论，从第 42 页
2023-12-10 18:55:55,683 - biliscrapy.network.bilibili_comment - INFO - 开始提取第43页评论
2023-12-10 18:55:56,672 - biliscrapy.network.bilibili_comment - INFO - 提取到了21条评论，从第 43 页
2023-12-10 18:55:56,673 - biliscrapy.network.bilibili_comment - INFO - 开始提取第44页评论
2023-12-10 18:55:58,292 - biliscrapy.network.bilibili_comment - INFO - 提取到了0条评论，从第 44 页
2023-12-10 18:55:58,292 - biliscrapy.network.bilibili_comment - INFO - 提取完毕所有评论，共提取到1042条评论！=====>avid492745436
2023-12-10 18:55:58,292 - biliscrapy.network.bilibili_comment - INFO - 总共1042条评论！
