2023-12-10 18:58:17,589 - biliscrapy.network.bilibili_danmu - INFO - 请输入正确的 oid 号码!!
2023-12-10 18:58:17,589 - biliscrapy.network.bilibili_danmu - INFO - 找到了 0 个唯一的 弹幕 在 None这个视频
2023-12-10 18:58:17,590 - biliscrapy.network.bilibili_danmu - INFO - Done!..........
2023-12-10 18:58:32,403 - biliscrapy.network.bilibili_danmu - INFO - 请输入正确的 oid 号码!!
2023-12-10 18:58:32,403 - biliscrapy.network.bilibili_danmu - INFO - 请输入正确的 oid 号码!!
2023-12-10 18:58:32,405 - biliscrapy.network.bilibili_danmu - INFO - 找到了 0 个唯一的 弹幕 在 None这个视频
2023-12-10 18:58:32,405 - biliscrapy.network.bilibili_danmu - INFO - 找到了 0 个唯一的 弹幕 在 None这个视频
2023-12-10 18:58:32,407 - biliscrapy.network.bilibili_danmu - INFO - Done!..........
2023-12-10 18:58:32,407 - biliscrapy.network.bilibili_danmu - INFO - Done!..........
2023-12-10 19:01:21,581 - biliscrapy.network.bilibili_danmu - INFO - 请输入正确的 oid 号码!!
2023-12-10 19:01:21,581 - biliscrapy.network.bilibili_danmu - INFO - 找到了 0 个唯一的 弹幕 在 None这个视频
2023-12-10 19:01:21,582 - biliscrapy.network.bilibili_danmu - INFO - Done!..........
2023-12-10 19:01:27,256 - biliscrapy.network.bilibili_danmu - INFO - 请输入正确的 oid 号码!!
2023-12-10 19:01:27,256 - biliscrapy.network.bilibili_danmu - INFO - 请输入正确的 oid 号码!!
2023-12-10 19:01:27,257 - biliscrapy.network.bilibili_danmu - INFO - 找到了 0 个唯一的 弹幕 在 None这个视频
2023-12-10 19:01:27,257 - biliscrapy.network.bilibili_danmu - INFO - 找到了 0 个唯一的 弹幕 在 None这个视频
2023-12-10 19:01:27,259 - biliscrapy.network.bilibili_danmu - INFO - Done!..........
2023-12-10 19:01:27,259 - biliscrapy.network.bilibili_danmu - INFO - Done!..........
2023-12-10 19:01:34,889 - biliscrapy.network.bilibili_danmu - INFO - 正在下载 1357946891-2023-12-07.so 文件，请稍后...
2023-12-10 19:01:34,889 - biliscrapy.network.bilibili_danmu - INFO - 正在下载 1357946891-2023-12-07.so 文件，请稍后...
2023-12-10 19:01:34,889 - biliscrapy.network.bilibili_danmu - INFO - 正在下载 1357946891-2023-12-07.so 文件，请稍后...
2023-12-10 19:01:34,994 - biliscrapy.network.bilibili_danmu - INFO - 正在下载 1357946891-2023-12-08.so 文件，请稍后...
2023-12-10 19:01:34,994 - biliscrapy.network.bilibili_danmu - INFO - 正在下载 1357946891-2023-12-08.so 文件，请稍后...
2023-12-10 19:01:34,994 - biliscrapy.network.bilibili_danmu - INFO - 正在下载 1357946891-2023-12-08.so 文件，请稍后...
2023-12-10 19:01:35,167 - biliscrapy.network.bilibili_danmu - INFO - 正在下载 1357946891-2023-12-09.so 文件，请稍后...
2023-12-10 19:01:35,167 - biliscrapy.network.bilibili_danmu - INFO - 正在下载 1357946891-2023-12-09.so 文件，请稍后...
2023-12-10 19:01:35,167 - biliscrapy.network.bilibili_danmu - INFO - 正在下载 1357946891-2023-12-09.so 文件，请稍后...
2023-12-10 19:01:35,356 - biliscrapy.network.bilibili_danmu - INFO - 正在下载 1357946891-2023-12-10.so 文件，请稍后...
2023-12-10 19:01:35,356 - biliscrapy.network.bilibili_danmu - INFO - 正在下载 1357946891-2023-12-10.so 文件，请稍后...
2023-12-10 19:01:35,356 - biliscrapy.network.bilibili_danmu - INFO - 正在下载 1357946891-2023-12-10.so 文件，请稍后...
2023-12-10 19:01:35,564 - biliscrapy.network.bilibili_danmu - INFO - 下载完成！
2023-12-10 19:01:35,564 - biliscrapy.network.bilibili_danmu - INFO - 下载完成！
2023-12-10 19:01:35,564 - biliscrapy.network.bilibili_danmu - INFO - 下载完成！
2023-12-10 19:01:35,568 - biliscrapy.network.bilibili_danmu - INFO - 找到了 153 个唯一的 弹幕 在 1357946891这个视频
2023-12-10 19:01:35,568 - biliscrapy.network.bilibili_danmu - INFO - 找到了 153 个唯一的 弹幕 在 1357946891这个视频
2023-12-10 19:01:35,568 - biliscrapy.network.bilibili_danmu - INFO - 找到了 153 个唯一的 弹幕 在 1357946891这个视频
2023-12-10 19:01:35,572 - biliscrapy.network.bilibili_danmu - INFO - Done!..........
2023-12-10 19:01:35,572 - biliscrapy.network.bilibili_danmu - INFO - Done!..........
2023-12-10 19:01:35,572 - biliscrapy.network.bilibili_danmu - INFO - Done!..........
2023-12-10 19:01:35,574 - biliscrapy.network.bilibili_danmu - INFO - 1357946891-2023-12-07.so 文件已删除
2023-12-10 19:01:35,574 - biliscrapy.network.bilibili_danmu - INFO - 1357946891-2023-12-07.so 文件已删除
2023-12-10 19:01:35,574 - biliscrapy.network.bilibili_danmu - INFO - 1357946891-2023-12-07.so 文件已删除
2023-12-10 19:01:35,575 - biliscrapy.network.bilibili_danmu - INFO - 1357946891-2023-12-08.so 文件已删除
2023-12-10 19:01:35,575 - biliscrapy.network.bilibili_danmu - INFO - 1357946891-2023-12-08.so 文件已删除
2023-12-10 19:01:35,575 - biliscrapy.network.bilibili_danmu - INFO - 1357946891-2023-12-08.so 文件已删除
2023-12-10 19:01:35,577 - biliscrapy.network.bilibili_danmu - INFO - 1357946891-2023-12-09.so 文件已删除
2023-12-10 19:01:35,577 - biliscrapy.network.bilibili_danmu - INFO - 1357946891-2023-12-09.so 文件已删除
2023-12-10 19:01:35,577 - biliscrapy.network.bilibili_danmu - INFO - 1357946891-2023-12-09.so 文件已删除
2023-12-10 19:01:35,578 - biliscrapy.network.bilibili_danmu - INFO - 1357946891-2023-12-10.so 文件已删除
2023-12-10 19:01:35,578 - biliscrapy.network.bilibili_danmu - INFO - 1357946891-2023-12-10.so 文件已删除
2023-12-10 19:01:35,578 - biliscrapy.network.bilibili_danmu - INFO - 1357946891-2023-12-10.so 文件已删除
2023-12-10 19:07:46,643 - biliscrapy.network.bilibili_danmu - INFO - 请输入正确的 oid 号码!!
2023-12-10 19:07:46,644 - biliscrapy.network.bilibili_danmu - INFO - 找到了 0 个唯一的 弹幕 在 None这个视频
2023-12-10 19:07:46,646 - biliscrapy.network.bilibili_danmu - INFO - Done!..........
2023-12-10 19:09:53,058 - biliscrapy.network.bilibili_danmu - INFO - 请输入正确的 oid 号码!!
2023-12-10 19:09:53,058 - biliscrapy.network.bilibili_danmu - INFO - 请输入正确的 oid 号码!!
2023-12-10 19:09:53,061 - biliscrapy.network.bilibili_danmu - INFO - 找到了 0 个唯一的 弹幕 在 None这个视频
2023-12-10 19:09:53,061 - biliscrapy.network.bilibili_danmu - INFO - 找到了 0 个唯一的 弹幕 在 None这个视频
2023-12-10 19:09:53,064 - biliscrapy.network.bilibili_danmu - INFO - Done!..........
2023-12-10 19:09:53,064 - biliscrapy.network.bilibili_danmu - INFO - Done!..........
