[2023-12-14 16:40:31,063] [autoreload.py:677] [autoreload:run_with_reloader] [INFO]- Watching for file changes with StatReloader
[2023-12-14 16:41:29,906] [autoreload.py:266] [autoreload:trigger_reload] [INFO]- D:\python_code\django_site\biliscrapy\network\bilibili_comment.py changed, reloading.
[2023-12-14 16:41:30,639] [autoreload.py:677] [autoreload:run_with_reloader] [INFO]- Watching for file changes with StatReloader
[2023-12-14 16:41:43,376] [autoreload.py:266] [autoreload:trigger_reload] [INFO]- D:\python_code\django_site\biliscrapy\network\bilibili_comment.py changed, reloading.
[2023-12-14 16:41:44,263] [autoreload.py:677] [autoreload:run_with_reloader] [INFO]- Watching for file changes with StatReloader
[2023-12-14 16:42:09,023] [autoreload.py:266] [autoreload:trigger_reload] [INFO]- D:\python_code\django_site\biliscrapy\network\bilibili_danmu.py changed, reloading.
[2023-12-14 16:42:09,967] [autoreload.py:677] [autoreload:run_with_reloader] [INFO]- Watching for file changes with StatReloader
[2023-12-14 16:42:27,785] [autoreload.py:266] [autoreload:trigger_reload] [INFO]- D:\python_code\django_site\biliscrapy\network\bilibili_utils.py changed, reloading.
[2023-12-14 16:42:29,759] [autoreload.py:677] [autoreload:run_with_reloader] [INFO]- Watching for file changes with StatReloader
[2023-12-14 16:42:37,510] [autoreload.py:266] [autoreload:trigger_reload] [INFO]- D:\python_code\django_site\biliscrapy\network\bilibili_utils.py changed, reloading.
[2023-12-14 16:42:39,555] [autoreload.py:677] [autoreload:run_with_reloader] [INFO]- Watching for file changes with StatReloader
[2023-12-14 16:43:43,458] [autoreload.py:266] [autoreload:trigger_reload] [INFO]- D:\python_code\django_site\biliscrapy\views.py changed, reloading.
[2023-12-14 16:43:44,825] [autoreload.py:677] [autoreload:run_with_reloader] [INFO]- Watching for file changes with StatReloader
[2023-12-14 16:43:54,704] [bilibili_utils.py:27] [bilibili_utils:bv_get] [INFO]- 你输入的是http链接，正在解析...
[2023-12-14 16:43:54,706] [bilibili_utils.py:31] [bilibili_utils:bv_get] [INFO]- BV号为......: BV1QN4y1U7u2
[2023-12-14 16:43:54,707] [views.py:120] [views:comment] [INFO]- bv_====>BV1QN4y1U7u2
[2023-12-14 16:43:54,946] [basehttp.py:187] [basehttp:log_message] [INFO]- "POST /bilibili/comment.html HTTP/1.1" 200 24464
[2023-12-14 16:43:56,596] [bilibili_utils.py:27] [bilibili_utils:bv_get] [INFO]- 你输入的是http链接，正在解析...
[2023-12-14 16:43:56,598] [bilibili_utils.py:31] [bilibili_utils:bv_get] [INFO]- BV号为......: BV1QN4y1U7u2
[2023-12-14 16:43:56,598] [views.py:120] [views:comment] [INFO]- bv_====>BV1QN4y1U7u2
[2023-12-14 16:43:56,774] [basehttp.py:187] [basehttp:log_message] [INFO]- "POST /bilibili/comment.html HTTP/1.1" 200 26239
[2023-12-14 16:44:19,071] [autoreload.py:266] [autoreload:trigger_reload] [INFO]- D:\python_code\django_site\biliscrapy\views.py changed, reloading.
[2023-12-14 16:44:20,099] [autoreload.py:677] [autoreload:run_with_reloader] [INFO]- Watching for file changes with StatReloader
[2023-12-14 16:45:25,999] [autoreload.py:266] [autoreload:trigger_reload] [INFO]- D:\python_code\django_site\biliscrapy\views.py changed, reloading.
[2023-12-14 16:45:26,857] [autoreload.py:677] [autoreload:run_with_reloader] [INFO]- Watching for file changes with StatReloader
[2023-12-14 16:45:49,784] [autoreload.py:266] [autoreload:trigger_reload] [INFO]- D:\python_code\django_site\biliscrapy\views.py changed, reloading.
[2023-12-14 16:45:50,614] [autoreload.py:677] [autoreload:run_with_reloader] [INFO]- Watching for file changes with StatReloader
[2023-12-14 16:46:03,000] [bilibili_utils.py:27] [bilibili_utils:bv_get] [INFO]- 你输入的是http链接，正在解析...
[2023-12-14 16:46:03,000] [bilibili_utils.py:31] [bilibili_utils:bv_get] [INFO]- BV号为......: BV1QN4y1U7u2
[2023-12-14 16:46:03,001] [views.py:120] [views:comment] [INFO]- bv_====>BV1QN4y1U7u2
[2023-12-14 16:46:03,020] [views.py:124] [views:comment] [INFO]- avid=====>875923868
[2023-12-14 16:46:03,200] [basehttp.py:187] [basehttp:log_message] [INFO]- "POST /bilibili/comment.html HTTP/1.1" 200 27766
[2023-12-14 17:13:29,389] [basehttp.py:187] [basehttp:log_message] [INFO]- "GET /bilibili/enter_card.html HTTP/1.1" 200 4157
[2023-12-14 17:13:36,360] [basehttp.py:187] [basehttp:log_message] [INFO]- "GET /bilibili/enter_card.html HTTP/1.1" 200 4157
[2023-12-14 17:13:41,294] [autoreload.py:677] [autoreload:run_with_reloader] [INFO]- Watching for file changes with StatReloader
[2023-12-14 17:13:44,705] [basehttp.py:187] [basehttp:log_message] [INFO]- "GET /bilibili/enter_card.html HTTP/1.1" 200 4157
[2023-12-14 17:13:47,957] [basehttp.py:187] [basehttp:log_message] [INFO]- "GET /bilibili/enter_card.html HTTP/1.1" 200 4157
[2023-12-14 17:13:55,941] [basehttp.py:187] [basehttp:log_message] [INFO]- "GET /bilibili/enter_card.html HTTP/1.1" 200 4157
[2023-12-14 17:13:57,397] [basehttp.py:187] [basehttp:log_message] [INFO]- "GET /bilibili/comment.html HTTP/1.1" 200 6858
[2023-12-14 17:13:58,858] [basehttp.py:187] [basehttp:log_message] [INFO]- "GET /bilibili/danmaku.html HTTP/1.1" 200 9258
[2023-12-14 17:13:59,571] [basehttp.py:187] [basehttp:log_message] [INFO]- "GET /bilibili/comment.html HTTP/1.1" 200 6858
[2023-12-14 17:14:07,788] [bilibili_utils.py:27] [bilibili_utils:bv_get] [INFO]- 你输入的是http链接，正在解析...
[2023-12-14 17:14:07,790] [bilibili_utils.py:31] [bilibili_utils:bv_get] [INFO]- BV号为......: BV1QN4y1U7u2
[2023-12-14 17:14:07,791] [views.py:120] [views:comment] [INFO]- bv_====>BV1QN4y1U7u2
[2023-12-14 17:14:07,809] [views.py:124] [views:comment] [INFO]- avid=====>875923868
[2023-12-14 17:14:07,966] [basehttp.py:187] [basehttp:log_message] [INFO]- "POST /bilibili/comment.html HTTP/1.1" 200 25317
[2023-12-14 17:15:57,882] [autoreload.py:677] [autoreload:run_with_reloader] [INFO]- Watching for file changes with StatReloader
[2023-12-14 17:16:01,917] [bilibili_utils.py:27] [bilibili_utils:bv_get] [INFO]- 你输入的是http链接，正在解析...
[2023-12-14 17:16:01,918] [bilibili_utils.py:31] [bilibili_utils:bv_get] [INFO]- BV号为......: BV1QN4y1U7u2
[2023-12-14 17:16:01,919] [views.py:120] [views:comment] [INFO]- bv_====>BV1QN4y1U7u2
[2023-12-14 17:16:01,939] [views.py:124] [views:comment] [INFO]- avid=====>875923868
[2023-12-14 17:16:02,097] [basehttp.py:187] [basehttp:log_message] [INFO]- "POST /bilibili/comment.html HTTP/1.1" 200 25348
[2023-12-14 17:16:05,913] [bilibili_utils.py:27] [bilibili_utils:bv_get] [INFO]- 你输入的是http链接，正在解析...
[2023-12-14 17:16:05,914] [bilibili_utils.py:31] [bilibili_utils:bv_get] [INFO]- BV号为......: BV1QN4y1U7u2
[2023-12-14 17:16:05,915] [views.py:120] [views:comment] [INFO]- bv_====>BV1QN4y1U7u2
[2023-12-14 17:16:05,935] [views.py:124] [views:comment] [INFO]- avid=====>875923868
[2023-12-14 17:16:06,082] [basehttp.py:187] [basehttp:log_message] [INFO]- "POST /bilibili/comment.html HTTP/1.1" 200 25348
[2023-12-14 17:16:07,265] [bilibili_utils.py:27] [bilibili_utils:bv_get] [INFO]- 你输入的是http链接，正在解析...
[2023-12-14 17:16:07,266] [bilibili_utils.py:31] [bilibili_utils:bv_get] [INFO]- BV号为......: BV1QN4y1U7u2
[2023-12-14 17:16:07,266] [views.py:120] [views:comment] [INFO]- bv_====>BV1QN4y1U7u2
[2023-12-14 17:16:07,283] [views.py:124] [views:comment] [INFO]- avid=====>875923868
[2023-12-14 17:16:07,431] [basehttp.py:187] [basehttp:log_message] [INFO]- "POST /bilibili/comment.html HTTP/1.1" 200 27123
[2023-12-14 17:17:29,265] [bilibili_utils.py:27] [bilibili_utils:bv_get] [INFO]- 你输入的是http链接，正在解析...
[2023-12-14 17:17:29,266] [bilibili_utils.py:31] [bilibili_utils:bv_get] [INFO]- BV号为......: BV1QN4y1U7u2
[2023-12-14 17:17:29,267] [views.py:120] [views:comment] [INFO]- bv_====>BV1QN4y1U7u2
[2023-12-14 17:17:29,283] [views.py:124] [views:comment] [INFO]- avid=====>875923868
[2023-12-14 17:17:29,430] [basehttp.py:187] [basehttp:log_message] [INFO]- "POST /bilibili/comment.html HTTP/1.1" 200 27234
[2023-12-14 17:18:18,413] [autoreload.py:677] [autoreload:run_with_reloader] [INFO]- Watching for file changes with StatReloader
[2023-12-14 17:18:57,762] [autoreload.py:677] [autoreload:run_with_reloader] [INFO]- Watching for file changes with StatReloader
[2023-12-14 17:19:01,552] [bilibili_utils.py:27] [bilibili_utils:bv_get] [INFO]- 你输入的是http链接，正在解析...
[2023-12-14 17:19:01,553] [bilibili_utils.py:31] [bilibili_utils:bv_get] [INFO]- BV号为......: BV1QN4y1U7u2
[2023-12-14 17:19:01,553] [views.py:120] [views:comment] [INFO]- bv_====>BV1QN4y1U7u2
[2023-12-14 17:19:01,566] [views.py:124] [views:comment] [INFO]- avid=====>875923868
[2023-12-14 17:19:01,713] [basehttp.py:187] [basehttp:log_message] [INFO]- "POST /bilibili/comment.html HTTP/1.1" 200 25698
[2023-12-14 17:19:26,991] [basehttp.py:187] [basehttp:log_message] [INFO]- "GET /static/bootstrap-5.0.2-dist/js/bootstrap.js.map HTTP/1.1" 200 290309
[2023-12-14 17:19:27,003] [basehttp.py:187] [basehttp:log_message] [INFO]- "GET /static/bootstrap-5.0.2-dist/css/bootstrap.css.map HTTP/1.1" 200 514512
[2023-12-14 17:21:57,787] [autoreload.py:266] [autoreload:trigger_reload] [INFO]- D:\python_code\django_site\biliscrapy\views.py changed, reloading.
[2023-12-14 17:21:59,421] [autoreload.py:677] [autoreload:run_with_reloader] [INFO]- Watching for file changes with StatReloader
[2023-12-14 17:22:06,307] [basehttp.py:187] [basehttp:log_message] [INFO]- "GET /bilibili/danmaku.html HTTP/1.1" 200 9258
[2023-12-14 17:22:06,730] [basehttp.py:187] [basehttp:log_message] [INFO]- "GET /static/bootstrap-5.0.2-dist/js/bootstrap.js HTTP/1.1" 200 153594
[2023-12-14 17:22:06,753] [basehttp.py:187] [basehttp:log_message] [INFO]- "GET /static/imgs/touxiang.jpg HTTP/1.1" 200 23239
[2023-12-14 17:22:06,767] [basehttp.py:187] [basehttp:log_message] [INFO]- "GET /static/bootstrap-5.0.2-dist/css/bootstrap.css HTTP/1.1" 200 206540
[2023-12-14 17:22:06,799] [basehttp.py:187] [basehttp:log_message] [INFO]- "GET /static/bootstrap-5.0.2-dist/js/bootstrap.js.map HTTP/1.1" 200 290309
[2023-12-14 17:22:06,857] [basehttp.py:187] [basehttp:log_message] [INFO]- "GET /static/bootstrap-5.0.2-dist/css/bootstrap.css.map HTTP/1.1" 200 514512
[2023-12-14 17:22:09,119] [bilibili_utils.py:27] [bilibili_utils:bv_get] [INFO]- 你输入的是http链接，正在解析...
[2023-12-14 17:22:09,120] [bilibili_utils.py:31] [bilibili_utils:bv_get] [INFO]- BV号为......: BV1QN4y1U7u2
[2023-12-14 17:22:09,168] [views.py:61] [views:danmaku] [INFO]- BV1QN4y1U7u2
[2023-12-14 17:22:09,369] [basehttp.py:187] [basehttp:log_message] [INFO]- "POST /bilibili/danmaku.html HTTP/1.1" 200 28923
[2023-12-14 17:22:09,394] [basehttp.py:187] [basehttp:log_message] [INFO]- "GET /static/imgs/touxiang.jpg HTTP/1.1" 200 23239
[2023-12-14 17:22:09,401] [basehttp.py:187] [basehttp:log_message] [INFO]- "GET /static/bootstrap-5.0.2-dist/js/bootstrap.js HTTP/1.1" 200 153594
[2023-12-14 17:22:09,402] [basehttp.py:187] [basehttp:log_message] [INFO]- "GET /static/bootstrap-5.0.2-dist/css/bootstrap.css HTTP/1.1" 200 206540
[2023-12-14 17:22:09,429] [basehttp.py:187] [basehttp:log_message] [INFO]- "GET /static/bootstrap-5.0.2-dist/js/bootstrap.js.map HTTP/1.1" 200 290309
[2023-12-14 17:22:09,526] [basehttp.py:187] [basehttp:log_message] [INFO]- "GET /static/bootstrap-5.0.2-dist/css/bootstrap.css.map HTTP/1.1" 200 514512
[2023-12-14 17:22:23,168] [views.py:283] [views:export_data] [INFO]- POST
[2023-12-14 17:22:23,169] [views.py:291] [views:export_data] [INFO]- json======>1332107518
[2023-12-14 17:22:23,371] [basehttp.py:187] [basehttp:log_message] [INFO]- "POST /bilibili/export_data/ HTTP/1.1" 200 1021040
[2023-12-14 17:23:23,493] [autoreload.py:266] [autoreload:trigger_reload] [INFO]- D:\python_code\django_site\biliscrapy\views.py changed, reloading.
[2023-12-14 17:23:24,403] [autoreload.py:677] [autoreload:run_with_reloader] [INFO]- Watching for file changes with StatReloader
[2023-12-14 17:24:46,849] [autoreload.py:266] [autoreload:trigger_reload] [INFO]- D:\python_code\django_site\biliscrapy\views.py changed, reloading.
[2023-12-14 17:24:47,943] [autoreload.py:677] [autoreload:run_with_reloader] [INFO]- Watching for file changes with StatReloader
[2023-12-14 17:25:52,365] [autoreload.py:266] [autoreload:trigger_reload] [INFO]- D:\python_code\django_site\biliscrapy\views.py changed, reloading.
[2023-12-14 17:25:53,281] [autoreload.py:677] [autoreload:run_with_reloader] [INFO]- Watching for file changes with StatReloader
[2023-12-14 17:28:08,290] [autoreload.py:266] [autoreload:trigger_reload] [INFO]- D:\python_code\django_site\biliscrapy\views.py changed, reloading.
[2023-12-14 17:28:09,057] [autoreload.py:677] [autoreload:run_with_reloader] [INFO]- Watching for file changes with StatReloader
[2023-12-14 17:28:40,864] [autoreload.py:266] [autoreload:trigger_reload] [INFO]- D:\python_code\django_site\biliscrapy\views.py changed, reloading.
[2023-12-14 17:28:41,961] [autoreload.py:677] [autoreload:run_with_reloader] [INFO]- Watching for file changes with StatReloader
[2023-12-14 17:30:25,481] [autoreload.py:266] [autoreload:trigger_reload] [INFO]- D:\python_code\django_site\biliscrapy\views.py changed, reloading.
[2023-12-14 17:30:26,920] [autoreload.py:677] [autoreload:run_with_reloader] [INFO]- Watching for file changes with StatReloader
[2023-12-14 17:32:28,950] [autoreload.py:266] [autoreload:trigger_reload] [INFO]- D:\python_code\django_site\biliscrapy\views.py changed, reloading.
[2023-12-14 17:32:30,439] [autoreload.py:677] [autoreload:run_with_reloader] [INFO]- Watching for file changes with StatReloader
[2023-12-14 17:32:35,141] [autoreload.py:266] [autoreload:trigger_reload] [INFO]- D:\python_code\django_site\biliscrapy\views.py changed, reloading.
[2023-12-14 17:32:35,965] [autoreload.py:677] [autoreload:run_with_reloader] [INFO]- Watching for file changes with StatReloader
[2023-12-14 17:33:29,483] [autoreload.py:266] [autoreload:trigger_reload] [INFO]- D:\python_code\django_site\biliscrapy\views.py changed, reloading.
[2023-12-14 17:33:30,478] [autoreload.py:677] [autoreload:run_with_reloader] [INFO]- Watching for file changes with StatReloader
[2023-12-14 17:33:42,482] [basehttp.py:187] [basehttp:log_message] [INFO]- "GET /bilibili/comment.html HTTP/1.1" 200 9268
[2023-12-14 17:33:42,859] [basehttp.py:187] [basehttp:log_message] [INFO]- "GET /static/bootstrap-5.0.2-dist/js/bootstrap.js HTTP/1.1" 200 153594
[2023-12-14 17:33:42,894] [basehttp.py:187] [basehttp:log_message] [INFO]- "GET /static/bootstrap-5.0.2-dist/css/bootstrap.css HTTP/1.1" 200 206540
[2023-12-14 17:33:42,904] [basehttp.py:187] [basehttp:log_message] [INFO]- "GET /static/imgs/touxiang.jpg HTTP/1.1" 200 23239
[2023-12-14 17:33:42,925] [basehttp.py:187] [basehttp:log_message] [INFO]- "GET /static/bootstrap-5.0.2-dist/js/bootstrap.js.map HTTP/1.1" 200 290309
[2023-12-14 17:33:42,964] [basehttp.py:187] [basehttp:log_message] [INFO]- "GET /static/bootstrap-5.0.2-dist/css/bootstrap.css.map HTTP/1.1" 200 514512
[2023-12-14 17:33:45,850] [bilibili_utils.py:27] [bilibili_utils:bv_get] [INFO]- 你输入的是http链接，正在解析...
[2023-12-14 17:33:45,851] [bilibili_utils.py:31] [bilibili_utils:bv_get] [INFO]- BV号为......: BV1QN4y1U7u2
[2023-12-14 17:33:45,852] [views.py:120] [views:comment] [INFO]- bv_====>BV1QN4y1U7u2
[2023-12-14 17:33:45,868] [views.py:124] [views:comment] [INFO]- avid=====>875923868
[2023-12-14 17:33:46,034] [basehttp.py:187] [basehttp:log_message] [INFO]- "POST /bilibili/comment.html HTTP/1.1" 200 27837
[2023-12-14 17:33:46,067] [basehttp.py:187] [basehttp:log_message] [INFO]- "GET /static/imgs/touxiang.jpg HTTP/1.1" 200 23239
[2023-12-14 17:33:46,068] [basehttp.py:187] [basehttp:log_message] [INFO]- "GET /static/bootstrap-5.0.2-dist/css/bootstrap.css HTTP/1.1" 200 206540
[2023-12-14 17:33:46,068] [basehttp.py:187] [basehttp:log_message] [INFO]- "GET /static/bootstrap-5.0.2-dist/js/bootstrap.js HTTP/1.1" 200 153594
[2023-12-14 17:33:46,115] [basehttp.py:187] [basehttp:log_message] [INFO]- "GET /static/bootstrap-5.0.2-dist/js/bootstrap.js.map HTTP/1.1" 200 290309
[2023-12-14 17:33:46,166] [basehttp.py:187] [basehttp:log_message] [INFO]- "GET /static/bootstrap-5.0.2-dist/css/bootstrap.css.map HTTP/1.1" 200 514512
[2023-12-14 17:33:49,152] [views.py:283] [views:export_data] [INFO]- POST
[2023-12-14 17:33:49,153] [views.py:303] [views:export_data] [INFO]- 开始导出数据,数据类型为，comment，avid875923868
[2023-12-14 17:33:49,675] [basehttp.py:187] [basehttp:log_message] [INFO]- "POST /bilibili/export_data/ HTTP/1.1" 200 1511866
[2023-12-14 17:35:01,489] [views.py:283] [views:export_data] [INFO]- POST
[2023-12-14 17:35:01,490] [views.py:303] [views:export_data] [INFO]- 开始导出数据,数据类型为，comment，avid875923868
[2023-12-14 17:35:02,620] [log.py:241] [log:log_response] [ERROR]- Internal Server Error: /bilibili/export_data/
Traceback (most recent call last):
  File "D:\python_code\django_site\venv\lib\site-packages\django\core\handlers\exception.py", line 55, in inner
    response = get_response(request)
  File "D:\python_code\django_site\venv\lib\site-packages\django\core\handlers\base.py", line 197, in _get_response
    response = wrapped_callback(request, *callback_args, **callback_kwargs)
  File "D:\python_code\django_site\biliscrapy\views.py", line 310, in export_data
    comments = [d['id'] + "," + d['uname'] + "," + str(d['current_level']) + "," + d['like'] + ',' + d[
  File "D:\python_code\django_site\biliscrapy\views.py", line 310, in <listcomp>
    comments = [d['id'] + "," + d['uname'] + "," + str(d['current_level']) + "," + d['like'] + ',' + d[
TypeError: unsupported operand type(s) for +: 'int' and 'str'
[2023-12-14 17:35:02,623] [basehttp.py:187] [basehttp:log_message] [ERROR]- "POST /bilibili/export_data/ HTTP/1.1" 500 85673
[2023-12-14 17:35:36,927] [autoreload.py:266] [autoreload:trigger_reload] [INFO]- D:\python_code\django_site\biliscrapy\views.py changed, reloading.
[2023-12-14 17:35:38,289] [autoreload.py:677] [autoreload:run_with_reloader] [INFO]- Watching for file changes with StatReloader
[2023-12-14 17:36:00,550] [autoreload.py:266] [autoreload:trigger_reload] [INFO]- D:\python_code\django_site\biliscrapy\views.py changed, reloading.
[2023-12-14 17:36:01,326] [autoreload.py:677] [autoreload:run_with_reloader] [INFO]- Watching for file changes with StatReloader
[2023-12-14 17:36:03,837] [views.py:283] [views:export_data] [INFO]- POST
[2023-12-14 17:36:03,839] [views.py:303] [views:export_data] [INFO]- 开始导出数据,数据类型为，comment，avid875923868
[2023-12-14 17:36:04,479] [log.py:241] [log:log_response] [ERROR]- Internal Server Error: /bilibili/export_data/
Traceback (most recent call last):
  File "D:\python_code\django_site\venv\lib\site-packages\django\core\handlers\exception.py", line 55, in inner
    response = get_response(request)
  File "D:\python_code\django_site\venv\lib\site-packages\django\core\handlers\base.py", line 197, in _get_response
    response = wrapped_callback(request, *callback_args, **callback_kwargs)
  File "D:\python_code\django_site\biliscrapy\views.py", line 310, in export_data
    comments = [d['uname'] + "," + str(d['current_level']) + "," + str(d['like']) + ',' + d[
  File "D:\python_code\django_site\biliscrapy\views.py", line 310, in <listcomp>
    comments = [d['uname'] + "," + str(d['current_level']) + "," + str(d['like']) + ',' + d[
TypeError: can only concatenate str (not "datetime.datetime") to str
[2023-12-14 17:36:04,484] [basehttp.py:187] [basehttp:log_message] [ERROR]- "POST /bilibili/export_data/ HTTP/1.1" 500 85537
[2023-12-14 17:36:25,910] [autoreload.py:266] [autoreload:trigger_reload] [INFO]- D:\python_code\django_site\biliscrapy\views.py changed, reloading.
[2023-12-14 17:36:27,471] [autoreload.py:677] [autoreload:run_with_reloader] [INFO]- Watching for file changes with StatReloader
[2023-12-14 17:36:29,537] [views.py:283] [views:export_data] [INFO]- POST
[2023-12-14 17:36:29,538] [views.py:303] [views:export_data] [INFO]- 开始导出数据,数据类型为，comment，avid875923868
[2023-12-14 17:36:29,849] [basehttp.py:187] [basehttp:log_message] [INFO]- "POST /bilibili/export_data/ HTTP/1.1" 200 622485
[2023-12-14 17:37:42,634] [autoreload.py:266] [autoreload:trigger_reload] [INFO]- D:\python_code\django_site\biliscrapy\views.py changed, reloading.
[2023-12-14 17:37:43,539] [autoreload.py:677] [autoreload:run_with_reloader] [INFO]- Watching for file changes with StatReloader
