2023-11-16 16:44:44,515 - bilibili_utils - INFO - 你输入的是http链接，正在解析...
2023-11-16 16:44:44,515 - bilibili_utils - INFO - 你输入的链接地址有误！
2023-11-16 16:46:29,371 - bilibili_utils - INFO - 你输入的是http链接，正在解析...
2023-11-16 16:46:29,371 - bilibili_utils - INFO - 你输入的链接地址有误！
2023-11-16 16:47:21,129 - bilibili_utils - INFO - 你输入的是http链接，正在解析...
2023-11-16 16:47:21,129 - bilibili_utils - INFO - 你输入的链接地址有误！
2023-11-16 16:48:17,737 - bilibili_utils - INFO - 你输入的是http链接，正在解析...
2023-11-16 16:48:17,737 - bilibili_utils - INFO - BV号为......: BV1hw411v7qJ
2023-11-16 16:49:32,677 - bilibili_utils - INFO - 你输入的是http链接，正在解析...
2023-11-16 16:49:32,677 - bilibili_utils - INFO - BV号为......: BV1hw411v7qJ
2023-11-16 16:50:20,880 - bilibili_utils - INFO - 你输入的是http链接，正在解析...
2023-11-16 16:50:20,880 - bilibili_utils - INFO - BV号为......: BV1hw411v7qJ
2023-11-16 16:52:03,265 - bilibili_utils - INFO - 你输入的是http链接，正在解析...
2023-11-16 16:52:03,265 - bilibili_utils - INFO - BV号为......: BV1hw411v7qJ
2023-11-16 16:52:03,484 - bilibili_utils - INFO - 找到的avid321352248
2023-11-16 16:52:11,337 - bilibili_utils - INFO - 你输入的是http链接，正在解析...
2023-11-16 16:52:11,337 - bilibili_utils - INFO - BV号为......: BV1hw411v7qJ
2023-11-16 16:52:11,561 - bilibili_utils - INFO - 找到的avid321352248
2023-11-16 16:53:07,595 - bilibili_utils - INFO - 你输入的是http链接，正在解析...
2023-11-16 16:53:07,595 - bilibili_utils - INFO - BV号为......: BV1hw411v7qJ
2023-11-16 16:53:07,814 - bilibili_utils - INFO - 找到的avid321352248
2023-11-16 18:59:06,862 - bilibili_utils - INFO - 你输入的是http链接，正在解析...
2023-11-16 18:59:06,863 - bilibili_utils - INFO - BV号为......: BV1hw411v7qJ
2023-11-16 18:59:07,035 - bilibili_utils - INFO - 找到的avid321352248
2023-11-16 19:04:07,007 - bilibili_utils - INFO - 你输入的是http链接，正在解析...
2023-11-16 19:04:07,007 - bilibili_utils - INFO - BV号为......: BV1hw411v7qJ
2023-11-16 19:04:07,172 - bilibili_utils - INFO - 找到的avid321352248
2023-11-16 19:11:30,793 - bilibili_utils - INFO - 你输入的是http链接，正在解析...
2023-11-16 19:11:30,793 - bilibili_utils - INFO - BV号为......: BV1hw411v7qJ
2023-11-16 19:11:31,020 - bilibili_utils - INFO - 找到的avid321352248
2023-11-16 19:18:10,141 - bilibili_utils - INFO - 你输入的是http链接，正在解析...
2023-11-16 19:18:10,141 - bilibili_utils - INFO - BV号为......: BV1hw411v7qJ
2023-11-16 19:18:10,356 - bilibili_utils - INFO - 找到的avid321352248
2023-11-16 19:19:25,788 - bilibili_utils - INFO - 你输入的是http链接，正在解析...
2023-11-16 19:19:25,788 - bilibili_utils - INFO - BV号为......: BV1hw411v7qJ
2023-11-16 19:19:25,997 - bilibili_utils - INFO - 找到的avid321352248
2023-11-16 19:20:00,089 - bilibili_utils - INFO - 你输入的是http链接，正在解析...
2023-11-16 19:20:00,089 - bilibili_utils - INFO - BV号为......: BV1hw411v7qJ
2023-11-16 19:20:00,266 - bilibili_utils - INFO - 找到的avid321352248
2023-11-16 19:20:47,077 - bilibili_utils - INFO - 你输入的是http链接，正在解析...
2023-11-16 19:20:47,077 - bilibili_utils - INFO - BV号为......: BV1hw411v7qJ
2023-11-16 19:20:47,257 - bilibili_utils - INFO - 找到的avid321352248
2023-11-16 19:22:25,570 - bilibili_utils - INFO - 你输入的是http链接，正在解析...
2023-11-16 19:22:25,571 - bilibili_utils - INFO - BV号为......: BV1hw411v7qJ
2023-11-16 19:22:30,163 - bilibili_utils - INFO - 你输入的是http链接，正在解析...
2023-11-16 19:22:30,163 - bilibili_utils - INFO - BV号为......: BV1hw411v7qJ
2023-11-16 19:22:30,364 - bilibili_utils - INFO - 找到的avid321352248
2023-11-16 19:24:53,597 - bilibili_utils - INFO - 你输入的是http链接，正在解析...
2023-11-16 19:24:53,597 - bilibili_utils - INFO - BV号为......: BV1hw411v7qJ
2023-11-16 19:24:53,762 - bilibili_utils - INFO - 找到的avid321352248
2023-11-16 19:25:14,444 - bilibili_utils - INFO - 你输入的是http链接，正在解析...
2023-11-16 19:25:14,444 - bilibili_utils - INFO - BV号为......: BV1hw411v7qJ
2023-11-16 19:25:14,617 - bilibili_utils - INFO - 找到的avid321352248
2023-11-16 19:25:34,840 - bilibili_utils - INFO - 你输入的是http链接，正在解析...
2023-11-16 19:25:34,840 - bilibili_utils - INFO - BV号为......: BV1hw411v7qJ
2023-11-16 19:25:35,047 - bilibili_utils - INFO - 找到的avid321352248
2023-11-16 19:29:48,775 - bilibili_utils - INFO - 你输入的是http链接，正在解析...
2023-11-16 19:29:48,775 - bilibili_utils - INFO - BV号为......: BV1hw411v7qJ
2023-11-16 19:29:48,897 - bilibili_utils - INFO - 找到的avid321352248
2023-11-16 19:32:18,742 - bilibili_utils - INFO - 你输入的是http链接，正在解析...
2023-11-16 19:32:18,742 - bilibili_utils - INFO - BV号为......: BV1d94y157SN
2023-11-16 19:32:18,865 - bilibili_utils - INFO - 找到的avid365413782
2023-11-16 19:33:34,755 - bilibili_utils - INFO - 你输入的是http链接，正在解析...
2023-11-16 19:33:34,755 - bilibili_utils - INFO - BV号为......: BV1d94y157SN
2023-11-16 19:33:34,875 - bilibili_utils - INFO - 找到的avid365413782
2023-11-16 19:35:52,932 - bilibili_utils - INFO - 你输入的是http链接，正在解析...
2023-11-16 19:35:52,932 - bilibili_utils - INFO - BV号为......: BV1d94y157SN
2023-11-16 19:35:53,050 - bilibili_utils - INFO - 找到的avid365413782
